24-Feb-2022 02:31:21.194 INFO [http-nio-8080-exec-12] org.apache.catalina.core.ApplicationContext.log HTMLManager: init: Associated with Deployer 'Catalina:type=Deployer,host=localhost'
24-Feb-2022 02:31:21.194 INFO [http-nio-8080-exec-12] org.apache.catalina.core.ApplicationContext.log HTMLManager: init: Global resources are available
24-Feb-2022 02:31:21.220 INFO [http-nio-8080-exec-12] org.apache.catalina.core.ApplicationContext.log HTMLManager: list: Listing contexts for virtual host 'localhost'
24-Feb-2022 02:40:36.029 INFO [http-nio-8080-exec-13] org.apache.catalina.core.ApplicationContext.log HTMLManager: list: Listing contexts for virtual host 'localhost'
24-Feb-2022 02:41:56.347 SEVERE [http-nio-8080-exec-21] org.apache.catalina.core.ApplicationContext.log HTMLManager: FAIL - Deploy Upload Failed, Exception: [org.apache.tomcat.util.http.fileupload.impl.IOFileUploadException: Processing of multipart/form-data request failed. java.net.SocketTimeoutException]
	java.io.IOException: org.apache.tomcat.util.http.fileupload.impl.IOFileUploadException: Processing of multipart/form-data request failed. java.net.SocketTimeoutException
		at org.apache.catalina.connector.Request.parseParts(Request.java:3016)
		at org.apache.catalina.connector.Request.parseParameters(Request.java:3302)
		at org.apache.catalina.connector.Request.getParameter(Request.java:1168)
		at org.apache.catalina.connector.RequestFacade.getParameter(RequestFacade.java:381)
		at org.apache.catalina.filters.CsrfPreventionFilter.doFilter(CsrfPreventionFilter.java:140)
		at org.apache.catalina.core.ApplicationFilterChain.internalDoFilter(ApplicationFilterChain.java:193)
		at org.apache.catalina.core.ApplicationFilterChain.doFilter(ApplicationFilterChain.java:166)
		at org.apache.tomcat.websocket.server.WsFilter.doFilter(WsFilter.java:52)
		at org.apache.catalina.core.ApplicationFilterChain.internalDoFilter(ApplicationFilterChain.java:193)
		at org.apache.catalina.core.ApplicationFilterChain.doFilter(ApplicationFilterChain.java:166)
		at org.apache.catalina.filters.HttpHeaderSecurityFilter.doFilter(HttpHeaderSecurityFilter.java:126)
		at org.apache.catalina.core.ApplicationFilterChain.internalDoFilter(ApplicationFilterChain.java:193)
		at org.apache.catalina.core.ApplicationFilterChain.doFilter(ApplicationFilterChain.java:166)
		at org.apache.catalina.filters.SetCharacterEncodingFilter.doFilter(SetCharacterEncodingFilter.java:109)
		at org.apache.catalina.core.ApplicationFilterChain.internalDoFilter(ApplicationFilterChain.java:193)
		at org.apache.catalina.core.ApplicationFilterChain.doFilter(ApplicationFilterChain.java:166)
		at org.apache.catalina.core.StandardWrapperValve.invoke(StandardWrapperValve.java:196)
		at org.apache.catalina.core.StandardContextValve.invoke(StandardContextValve.java:97)
		at org.apache.catalina.authenticator.AuthenticatorBase.invoke(AuthenticatorBase.java:661)
		at org.apache.catalina.core.StandardHostValve.invoke(StandardHostValve.java:135)
		at org.apache.catalina.valves.ErrorReportValve.invoke(ErrorReportValve.java:81)
		at org.apache.catalina.valves.AbstractAccessLogValve.invoke(AbstractAccessLogValve.java:698)
		at org.apache.catalina.core.StandardEngineValve.invoke(StandardEngineValve.java:78)
		at org.apache.catalina.connector.CoyoteAdapter.service(CoyoteAdapter.java:366)
		at org.apache.coyote.http11.Http11Processor.service(Http11Processor.java:639)
		at org.apache.coyote.AbstractProcessorLight.process(AbstractProcessorLight.java:65)
		at org.apache.coyote.AbstractProtocol$ConnectionHandler.process(AbstractProtocol.java:847)
		at org.apache.tomcat.util.net.NioEndpoint$SocketProcessor.doRun(NioEndpoint.java:1680)
		at org.apache.tomcat.util.net.SocketProcessorBase.run(SocketProcessorBase.java:49)
		at org.apache.tomcat.util.threads.ThreadPoolExecutor.runWorker(ThreadPoolExecutor.java:1191)
		at org.apache.tomcat.util.threads.ThreadPoolExecutor$Worker.run(ThreadPoolExecutor.java:659)
		at org.apache.tomcat.util.threads.TaskThread$WrappingRunnable.run(TaskThread.java:61)
		at java.lang.Thread.run(Thread.java:750)
	Caused by: org.apache.tomcat.util.http.fileupload.impl.IOFileUploadException: Processing of multipart/form-data request failed. java.net.SocketTimeoutException
		at org.apache.tomcat.util.http.fileupload.FileUploadBase.parseRequest(FileUploadBase.java:292)
		at org.apache.catalina.connector.Request.parseParts(Request.java:2970)
		... 32 more
	Caused by: org.apache.catalina.connector.ClientAbortException: java.net.SocketTimeoutException
		at org.apache.catalina.connector.InputBuffer.realReadBytes(InputBuffer.java:329)
		at org.apache.catalina.connector.InputBuffer.checkByteBufferEof(InputBuffer.java:629)
		at org.apache.catalina.connector.InputBuffer.read(InputBuffer.java:347)
		at org.apache.catalina.connector.CoyoteInputStream.read(CoyoteInputStream.java:158)
		at java.io.FilterInputStream.read(FilterInputStream.java:133)
		at org.apache.tomcat.util.http.fileupload.util.LimitedInputStream.read(LimitedInputStream.java:132)
		at org.apache.tomcat.util.http.fileupload.MultipartStream$ItemInputStream.makeAvailable(MultipartStream.java:975)
		at org.apache.tomcat.util.http.fileupload.MultipartStream$ItemInputStream.read(MultipartStream.java:879)
		at java.io.FilterInputStream.read(FilterInputStream.java:133)
		at org.apache.tomcat.util.http.fileupload.util.LimitedInputStream.read(LimitedInputStream.java:132)
		at java.io.FilterInputStream.read(FilterInputStream.java:107)
		at org.apache.tomcat.util.http.fileupload.util.Streams.copy(Streams.java:97)
		at org.apache.tomcat.util.http.fileupload.FileUploadBase.parseRequest(FileUploadBase.java:288)
		... 33 more
		Suppressed: org.apache.catalina.connector.ClientAbortException: java.net.SocketTimeoutException
			at org.apache.catalina.connector.InputBuffer.realReadBytes(InputBuffer.java:329)
			at org.apache.catalina.connector.InputBuffer.checkByteBufferEof(InputBuffer.java:629)
			at org.apache.catalina.connector.InputBuffer.read(InputBuffer.java:347)
			at org.apache.catalina.connector.CoyoteInputStream.read(CoyoteInputStream.java:158)
			at java.io.FilterInputStream.read(FilterInputStream.java:133)
			at org.apache.tomcat.util.http.fileupload.util.LimitedInputStream.read(LimitedInputStream.java:132)
			at org.apache.tomcat.util.http.fileupload.MultipartStream$ItemInputStream.makeAvailable(MultipartStream.java:975)
			at org.apache.tomcat.util.http.fileupload.MultipartStream$ItemInputStream.close(MultipartStream.java:919)
			at org.apache.tomcat.util.http.fileupload.MultipartStream$ItemInputStream.close(MultipartStream.java:898)
			at java.io.FilterInputStream.close(FilterInputStream.java:181)
			at org.apache.tomcat.util.http.fileupload.util.LimitedInputStream.close(LimitedInputStream.java:163)
			at org.apache.tomcat.util.http.fileupload.util.Streams.copy(Streams.java:117)
			... 34 more
		Caused by: java.net.SocketTimeoutException
			at org.apache.tomcat.util.net.NioBlockingSelector.read(NioBlockingSelector.java:233)
			at org.apache.tomcat.util.net.NioSelectorPool.read(NioSelectorPool.java:279)
			at org.apache.tomcat.util.net.NioSelectorPool.read(NioSelectorPool.java:259)
			at org.apache.tomcat.util.net.NioEndpoint$NioSocketWrapper.fillReadBuffer(NioEndpoint.java:1341)
			at org.apache.tomcat.util.net.NioEndpoint$NioSocketWrapper.read(NioEndpoint.java:1283)
			at org.apache.coyote.http11.Http11InputBuffer.fill(Http11InputBuffer.java:808)
			at org.apache.coyote.http11.Http11InputBuffer.access$300(Http11InputBuffer.java:42)
			at org.apache.coyote.http11.Http11InputBuffer$SocketInputBuffer.doRead(Http11InputBuffer.java:1209)
			at org.apache.coyote.http11.filters.IdentityInputFilter.doRead(IdentityInputFilter.java:139)
			at org.apache.coyote.http11.Http11InputBuffer.doRead(Http11InputBuffer.java:265)
			at org.apache.coyote.Request.doRead(Request.java:670)
			at org.apache.catalina.connector.InputBuffer.realReadBytes(InputBuffer.java:324)
			... 45 more
	Caused by: java.net.SocketTimeoutException
		at org.apache.tomcat.util.net.NioBlockingSelector.read(NioBlockingSelector.java:233)
		at org.apache.tomcat.util.net.NioSelectorPool.read(NioSelectorPool.java:279)
		at org.apache.tomcat.util.net.NioSelectorPool.read(NioSelectorPool.java:259)
		at org.apache.tomcat.util.net.NioEndpoint$NioSocketWrapper.fillReadBuffer(NioEndpoint.java:1341)
		at org.apache.tomcat.util.net.NioEndpoint$NioSocketWrapper.read(NioEndpoint.java:1283)
		at org.apache.coyote.http11.Http11InputBuffer.fill(Http11InputBuffer.java:808)
		at org.apache.coyote.http11.Http11InputBuffer.access$300(Http11InputBuffer.java:42)
		at org.apache.coyote.http11.Http11InputBuffer$SocketInputBuffer.doRead(Http11InputBuffer.java:1209)
		at org.apache.coyote.http11.filters.IdentityInputFilter.doRead(IdentityInputFilter.java:139)
		at org.apache.coyote.http11.Http11InputBuffer.doRead(Http11InputBuffer.java:265)
		at org.apache.coyote.Request.doRead(Request.java:670)
		at org.apache.catalina.connector.InputBuffer.realReadBytes(InputBuffer.java:324)
		... 45 more
24-Feb-2022 02:41:56.347 INFO [http-nio-8080-exec-21] org.apache.catalina.core.ApplicationContext.log HTMLManager: list: Listing contexts for virtual host 'localhost'
24-Feb-2022 02:47:27.222 INFO [http-nio-8080-exec-18] org.apache.catalina.core.ApplicationContext.log HTMLManager: list: Listing contexts for virtual host 'localhost'
24-Feb-2022 04:36:40.429 INFO [http-nio-8090-exec-2] org.apache.catalina.core.ApplicationContext.log HTMLManager: init: Associated with Deployer 'Catalina:type=Deployer,host=localhost'
24-Feb-2022 04:36:40.441 INFO [http-nio-8090-exec-2] org.apache.catalina.core.ApplicationContext.log HTMLManager: init: Global resources are available
24-Feb-2022 04:36:40.456 INFO [http-nio-8090-exec-2] org.apache.catalina.core.ApplicationContext.log HTMLManager: list: Listing contexts for virtual host 'localhost'
24-Feb-2022 04:43:51.548 INFO [http-nio-8090-exec-1] org.apache.catalina.core.ApplicationContext.log HTMLManager: list: Listing contexts for virtual host 'localhost'
24-Feb-2022 04:48:47.275 INFO [http-nio-8090-exec-4] org.apache.catalina.core.ApplicationContext.log HTMLManager: list: Listing contexts for virtual host 'localhost'
